<?xml version="1.0" encoding="UTF-8"?>
<testng-results ignored="0" total="1" passed="1" failed="0" skipped="0">
  <reporter-output>
  </reporter-output>
  <suite started-at="2023-10-18T20:41:48 IST" name="Default suite" finished-at="2023-10-18T20:41:48 IST" duration-ms="512">
    <groups>
    </groups>
    <test started-at="2023-10-18T20:41:48 IST" name="Default test" finished-at="2023-10-18T20:41:48 IST" duration-ms="512">
      <class name="practice.test.ValidateTeam">
        <test-method signature="test1()[pri:0, instance:practice.test.ValidateTeam@5fa07e12]" started-at="2023-10-18T20:41:48 IST" name="test1" finished-at="2023-10-18T20:41:48 IST" duration-ms="469" status="PASS">
          <reporter-output>
          </reporter-output>
        </test-method> <!-- test1 -->
      </class> <!-- practice.test.ValidateTeam -->
    </test> <!-- Default test -->
  </suite> <!-- Default suite -->
</testng-results>
